+----------------------------+
| *** drop database test *** |
+----------------------------+
| *** drop database test *** |
+----------------------------+
+------------------------------+
| *** create database test *** |
+------------------------------+
| *** create database test *** |
+------------------------------+
+------------------------+
| *** show databases *** |
+------------------------+
| *** show databases *** |
+------------------------+
+--------------------+
| Database           |
+--------------------+
| information_schema |
| mysql              |
| performance_schema |
| sys                |
| test               |
+--------------------+
