+--------------------------+
| *** drop table Apply *** |
+--------------------------+
| *** drop table Apply *** |
+--------------------------+
+----------------------------+
| *** drop table College *** |
+----------------------------+
| *** drop table College *** |
+----------------------------+
+----------------------------+
| *** drop table Student *** |
+----------------------------+
| *** drop table Student *** |
+----------------------------+
+------------------------------+
| *** create table Student *** |
+------------------------------+
| *** create table Student *** |
+------------------------------+
+------------------------------+
| *** create table College *** |
+------------------------------+
| *** create table College *** |
+------------------------------+
+----------------------------+
| *** create table Apply *** |
+----------------------------+
| *** create table Apply *** |
+----------------------------+
+---------------------+
| *** show tables *** |
+---------------------+
| *** show tables *** |
+---------------------+
+----------------+
| Tables_in_test |
+----------------+
| Apply          |
| College        |
| Student        |
+----------------+
+--------------------------+
| *** describe Student *** |
+--------------------------+
| *** describe Student *** |
+--------------------------+
+--------+---------+------+-----+---------+-------+
| Field  | Type    | Null | Key | Default | Extra |
+--------+---------+------+-----+---------+-------+
| sID    | int(11) | NO   | PRI | NULL    |       |
| sName  | text    | YES  |     | NULL    |       |
| GPA    | float   | YES  |     | NULL    |       |
| sizeHS | int(11) | YES  |     | NULL    |       |
+--------+---------+------+-----+---------+-------+
+--------------------------+
| *** describe College *** |
+--------------------------+
| *** describe College *** |
+--------------------------+
+------------+------------+------+-----+---------+-------+
| Field      | Type       | Null | Key | Default | Extra |
+------------+------------+------+-----+---------+-------+
| cName      | varchar(8) | NO   | PRI | NULL    |       |
| state      | char(2)    | YES  |     | NULL    |       |
| enrollment | int(11)    | YES  |     | NULL    |       |
+------------+------------+------+-----+---------+-------+
+------------------------+
| *** describe Apply *** |
+------------------------+
| *** describe Apply *** |
+------------------------+
+----------+------------+------+-----+---------+-------+
| Field    | Type       | Null | Key | Default | Extra |
+----------+------------+------+-----+---------+-------+
| sID      | int(11)    | YES  | MUL | NULL    |       |
| cName    | varchar(8) | YES  | MUL | NULL    |       |
| major    | text       | YES  |     | NULL    |       |
| decision | tinyint(1) | YES  |     | NULL    |       |
+----------+------------+------+-----+---------+-------+
