+-------------------+
| *** query #1a *** |
+-------------------+
| *** query #1a *** |
+-------------------+
+------+
| A    |
+------+
|    1 |
|    2 |
|    3 |
+------+
+------+------+
| B    | C    |
+------+------+
|    1 |    6 |
|    1 |    7 |
|    4 |    8 |
|    4 |    9 |
+------+------+
+----------+
| count(*) |
+----------+
|       12 |
+----------+
+------+------+------+
| A    | B    | C    |
+------+------+------+
|    1 |    1 |    6 |
|    2 |    1 |    6 |
|    3 |    1 |    6 |
|    1 |    1 |    7 |
|    2 |    1 |    7 |
|    3 |    1 |    7 |
|    1 |    4 |    8 |
|    2 |    4 |    8 |
|    3 |    4 |    8 |
|    1 |    4 |    9 |
|    2 |    4 |    9 |
|    3 |    4 |    9 |
+------+------+------+
+-------------------+
| *** query #1b *** |
+-------------------+
| *** query #1b *** |
+-------------------+
+------+
| A    |
+------+
|    1 |
|    2 |
|    3 |
+------+
+------+------+
| B    | C    |
+------+------+
|    1 |    6 |
|    1 |    7 |
|    4 |    8 |
|    4 |    9 |
+------+------+
+----------+
| count(*) |
+----------+
|        2 |
+----------+
+------+------+------+
| A    | B    | C    |
+------+------+------+
|    1 |    1 |    6 |
|    1 |    1 |    7 |
+------+------+------+
+-------------------+
| *** query #1c *** |
+-------------------+
| *** query #1c *** |
+-------------------+
+------+
| A    |
+------+
|    1 |
|    2 |
|    3 |
+------+
+------+------+
| B    | C    |
+------+------+
|    1 |    6 |
|    1 |    7 |
|    4 |    8 |
|    4 |    9 |
+------+------+
+----------+
| count(*) |
+----------+
|        4 |
+----------+
+------+------+------+
| A    | B    | C    |
+------+------+------+
|    1 |    1 |    6 |
|    1 |    1 |    7 |
|    2 | NULL | NULL |
|    3 | NULL | NULL |
+------+------+------+
+-------------------+
| *** query #1d *** |
+-------------------+
| *** query #1d *** |
+-------------------+
+------+
| A    |
+------+
|    1 |
|    2 |
|    3 |
+------+
+------+------+
| B    | C    |
+------+------+
|    1 |    6 |
|    1 |    7 |
|    4 |    8 |
|    4 |    9 |
+------+------+
+----------+
| count(*) |
+----------+
|        4 |
+----------+
+------+------+------+
| A    | B    | C    |
+------+------+------+
|    1 |    1 |    6 |
|    1 |    1 |    7 |
| NULL |    4 |    8 |
| NULL |    4 |    9 |
+------+------+------+
+-------------------+
| *** query #1e *** |
+-------------------+
| *** query #1e *** |
+-------------------+
+------+
| A    |
+------+
|    1 |
|    2 |
|    3 |
+------+
+------+------+
| B    | C    |
+------+------+
|    1 |    6 |
|    1 |    7 |
|    4 |    8 |
|    4 |    9 |
+------+------+
+----------+
| count(*) |
+----------+
|       12 |
+----------+
+------+------+------+
| A    | B    | C    |
+------+------+------+
|    1 |    1 |    6 |
|    2 |    1 |    6 |
|    3 |    1 |    6 |
|    1 |    1 |    7 |
|    2 |    1 |    7 |
|    3 |    1 |    7 |
|    1 |    4 |    8 |
|    2 |    4 |    8 |
|    3 |    4 |    8 |
|    1 |    4 |    9 |
|    2 |    4 |    9 |
|    3 |    4 |    9 |
+------+------+------+
+-------------------+
| *** query #2a *** |
+-------------------+
| *** query #2a *** |
+-------------------+
+------+
| A    |
+------+
|    1 |
|    2 |
|    3 |
+------+
+------+------+
| A    | C    |
+------+------+
|    6 |    1 |
|    7 |    2 |
|    8 |    3 |
|    9 |    4 |
+------+------+
+----------+
| count(*) |
+----------+
|       12 |
+----------+
+------+------+------+
| A    | A    | C    |
+------+------+------+
|    1 |    6 |    1 |
|    2 |    6 |    1 |
|    3 |    6 |    1 |
|    1 |    7 |    2 |
|    2 |    7 |    2 |
|    3 |    7 |    2 |
|    1 |    8 |    3 |
|    2 |    8 |    3 |
|    3 |    8 |    3 |
|    1 |    9 |    4 |
|    2 |    9 |    4 |
|    3 |    9 |    4 |
+------+------+------+
+-------------------+
| *** query #2b *** |
+-------------------+
| *** query #2b *** |
+-------------------+
+------+
| A    |
+------+
|    1 |
|    2 |
|    3 |
+------+
+------+------+
| A    | C    |
+------+------+
|    6 |    1 |
|    7 |    2 |
|    8 |    3 |
|    9 |    4 |
+------+------+
+----------+
| count(*) |
+----------+
|        0 |
+----------+
+-------------------+
| *** query #2c *** |
+-------------------+
| *** query #2c *** |
+-------------------+
+------+
| A    |
+------+
|    1 |
|    2 |
|    3 |
+------+
+------+------+
| A    | C    |
+------+------+
|    6 |    1 |
|    7 |    2 |
|    8 |    3 |
|    9 |    4 |
+------+------+
+----------+
| count(*) |
+----------+
|        3 |
+----------+
+------+------+
| A    | C    |
+------+------+
|    1 | NULL |
|    2 | NULL |
|    3 | NULL |
+------+------+
+-------------------+
| *** query #2d *** |
+-------------------+
| *** query #2d *** |
+-------------------+
+------+
| A    |
+------+
|    1 |
|    2 |
|    3 |
+------+
+------+------+
| A    | C    |
+------+------+
|    6 |    1 |
|    7 |    2 |
|    8 |    3 |
|    9 |    4 |
+------+------+
+----------+
| count(*) |
+----------+
|        4 |
+----------+
+------+------+
| A    | C    |
+------+------+
|    6 |    1 |
|    7 |    2 |
|    8 |    3 |
|    9 |    4 |
+------+------+
+-------------------+
| *** query #2e *** |
+-------------------+
| *** query #2e *** |
+-------------------+
+------+
| A    |
+------+
|    1 |
|    2 |
|    3 |
+------+
+------+------+
| A    | C    |
+------+------+
|    6 |    1 |
|    7 |    2 |
|    8 |    3 |
|    9 |    4 |
+------+------+
+----------+
| count(*) |
+----------+
|        0 |
+----------+
+-------------------+
| *** query #3a *** |
+-------------------+
| *** query #3a *** |
+-------------------+
+------+
| A    |
+------+
|    1 |
|    2 |
|    3 |
+------+
+------+------+
| A    | C    |
+------+------+
|    1 |    6 |
|    1 |    7 |
|    4 |    8 |
|    4 |    9 |
+------+------+
+----------+
| count(*) |
+----------+
|       12 |
+----------+
+------+------+------+
| A    | A    | C    |
+------+------+------+
|    1 |    1 |    6 |
|    2 |    1 |    6 |
|    3 |    1 |    6 |
|    1 |    1 |    7 |
|    2 |    1 |    7 |
|    3 |    1 |    7 |
|    1 |    4 |    8 |
|    2 |    4 |    8 |
|    3 |    4 |    8 |
|    1 |    4 |    9 |
|    2 |    4 |    9 |
|    3 |    4 |    9 |
+------+------+------+
+-------------------+
| *** query #3b *** |
+-------------------+
| *** query #3b *** |
+-------------------+
+------+
| A    |
+------+
|    1 |
|    2 |
|    3 |
+------+
+------+------+
| A    | C    |
+------+------+
|    1 |    6 |
|    1 |    7 |
|    4 |    8 |
|    4 |    9 |
+------+------+
+----------+
| count(*) |
+----------+
|        2 |
+----------+
+------+------+
| A    | C    |
+------+------+
|    1 |    6 |
|    1 |    7 |
+------+------+
+-------------------+
| *** query #3c *** |
+-------------------+
| *** query #3c *** |
+-------------------+
+------+
| A    |
+------+
|    1 |
|    2 |
|    3 |
+------+
+------+------+
| A    | C    |
+------+------+
|    1 |    6 |
|    1 |    7 |
|    4 |    8 |
|    4 |    9 |
+------+------+
+----------+
| count(*) |
+----------+
|        4 |
+----------+
+------+------+
| A    | C    |
+------+------+
|    1 |    6 |
|    1 |    7 |
|    2 | NULL |
|    3 | NULL |
+------+------+
+-------------------+
| *** query #3d *** |
+-------------------+
| *** query #3d *** |
+-------------------+
+------+
| A    |
+------+
|    1 |
|    2 |
|    3 |
+------+
+------+------+
| A    | C    |
+------+------+
|    1 |    6 |
|    1 |    7 |
|    4 |    8 |
|    4 |    9 |
+------+------+
+----------+
| count(*) |
+----------+
|        4 |
+----------+
+------+------+
| A    | C    |
+------+------+
|    1 |    6 |
|    1 |    7 |
|    4 |    8 |
|    4 |    9 |
+------+------+
+-------------------+
| *** query #3e *** |
+-------------------+
| *** query #3e *** |
+-------------------+
+------+
| A    |
+------+
|    1 |
|    2 |
|    3 |
+------+
+------+------+
| A    | C    |
+------+------+
|    1 |    6 |
|    1 |    7 |
|    4 |    8 |
|    4 |    9 |
+------+------+
+----------+
| count(*) |
+----------+
|        2 |
+----------+
+------+------+
| A    | C    |
+------+------+
|    1 |    6 |
|    1 |    7 |
+------+------+
+-------------------+
| *** query #4a *** |
+-------------------+
| *** query #4a *** |
+-------------------+
+------+------+
| A    | B    |
+------+------+
|    1 |    4 |
|    2 |    5 |
|    3 |    6 |
+------+------+
+------+------+------+
| A    | C    | D    |
+------+------+------+
|    1 |    3 |    4 |
|    1 |    4 |    5 |
|    1 |    4 |    6 |
|    2 |    4 |    7 |
|    2 |    5 |    8 |
|    4 |    7 |    9 |
+------+------+------+
+----------+
| count(*) |
+----------+
|       18 |
+----------+
+------+------+------+------+------+
| A    | B    | A    | C    | D    |
+------+------+------+------+------+
|    1 |    4 |    1 |    3 |    4 |
|    2 |    5 |    1 |    3 |    4 |
|    3 |    6 |    1 |    3 |    4 |
|    1 |    4 |    1 |    4 |    5 |
|    2 |    5 |    1 |    4 |    5 |
|    3 |    6 |    1 |    4 |    5 |
|    1 |    4 |    1 |    4 |    6 |
|    2 |    5 |    1 |    4 |    6 |
|    3 |    6 |    1 |    4 |    6 |
|    1 |    4 |    2 |    4 |    7 |
|    2 |    5 |    2 |    4 |    7 |
|    3 |    6 |    2 |    4 |    7 |
|    1 |    4 |    2 |    5 |    8 |
|    2 |    5 |    2 |    5 |    8 |
|    3 |    6 |    2 |    5 |    8 |
|    1 |    4 |    4 |    7 |    9 |
|    2 |    5 |    4 |    7 |    9 |
|    3 |    6 |    4 |    7 |    9 |
+------+------+------+------+------+
+-------------------+
| *** query #4b *** |
+-------------------+
| *** query #4b *** |
+-------------------+
+------+------+
| A    | B    |
+------+------+
|    1 |    4 |
|    2 |    5 |
|    3 |    6 |
+------+------+
+------+------+------+
| A    | C    | D    |
+------+------+------+
|    1 |    3 |    4 |
|    1 |    4 |    5 |
|    1 |    4 |    6 |
|    2 |    4 |    7 |
|    2 |    5 |    8 |
|    4 |    7 |    9 |
+------+------+------+
+----------+
| count(*) |
+----------+
|        5 |
+----------+
+------+------+------+------+------+
| A    | B    | A    | C    | D    |
+------+------+------+------+------+
|    1 |    4 |    1 |    3 |    4 |
|    1 |    4 |    1 |    4 |    5 |
|    1 |    4 |    1 |    4 |    6 |
|    2 |    5 |    2 |    4 |    7 |
|    2 |    5 |    2 |    5 |    8 |
+------+------+------+------+------+
+-------------------+
| *** query #4c *** |
+-------------------+
| *** query #4c *** |
+-------------------+
+------+------+
| A    | B    |
+------+------+
|    1 |    4 |
|    2 |    5 |
|    3 |    6 |
+------+------+
+------+------+------+
| A    | C    | D    |
+------+------+------+
|    1 |    3 |    4 |
|    1 |    4 |    5 |
|    1 |    4 |    6 |
|    2 |    4 |    7 |
|    2 |    5 |    8 |
|    4 |    7 |    9 |
+------+------+------+
+----------+
| count(*) |
+----------+
|        6 |
+----------+
+------+------+------+------+------+
| A    | B    | A    | C    | D    |
+------+------+------+------+------+
|    1 |    4 |    1 |    3 |    4 |
|    1 |    4 |    1 |    4 |    5 |
|    1 |    4 |    1 |    4 |    6 |
|    2 |    5 |    2 |    4 |    7 |
|    2 |    5 |    2 |    5 |    8 |
|    3 |    6 | NULL | NULL | NULL |
+------+------+------+------+------+
+-------------------+
| *** query #4d *** |
+-------------------+
| *** query #4d *** |
+-------------------+
+------+------+
| A    | B    |
+------+------+
|    1 |    4 |
|    2 |    5 |
|    3 |    6 |
+------+------+
+------+------+------+
| A    | C    | D    |
+------+------+------+
|    1 |    3 |    4 |
|    1 |    4 |    5 |
|    1 |    4 |    6 |
|    2 |    4 |    7 |
|    2 |    5 |    8 |
|    4 |    7 |    9 |
+------+------+------+
+----------+
| count(*) |
+----------+
|        6 |
+----------+
+------+------+------+------+------+
| A    | B    | A    | C    | D    |
+------+------+------+------+------+
|    1 |    4 |    1 |    3 |    4 |
|    1 |    4 |    1 |    4 |    5 |
|    1 |    4 |    1 |    4 |    6 |
|    2 |    5 |    2 |    4 |    7 |
|    2 |    5 |    2 |    5 |    8 |
| NULL | NULL |    4 |    7 |    9 |
+------+------+------+------+------+
+-------------------+
| *** query #4e *** |
+-------------------+
| *** query #4e *** |
+-------------------+
+------+------+
| A    | B    |
+------+------+
|    1 |    4 |
|    2 |    5 |
|    3 |    6 |
+------+------+
+------+------+------+
| A    | C    | D    |
+------+------+------+
|    1 |    3 |    4 |
|    1 |    4 |    5 |
|    1 |    4 |    6 |
|    2 |    4 |    7 |
|    2 |    5 |    8 |
|    4 |    7 |    9 |
+------+------+------+
+----------+
| count(*) |
+----------+
|        5 |
+----------+
+------+------+------+------+
| A    | B    | C    | D    |
+------+------+------+------+
|    1 |    4 |    3 |    4 |
|    1 |    4 |    4 |    5 |
|    1 |    4 |    4 |    6 |
|    2 |    5 |    4 |    7 |
|    2 |    5 |    5 |    8 |
+------+------+------+------+
+-------------------+
| *** query #5a *** |
+-------------------+
| *** query #5a *** |
+-------------------+
+------+
| A    |
+------+
|    1 |
|    2 |
|    3 |
+------+
+----------+
| count(*) |
+----------+
|        9 |
+----------+
+------+------+
| A    | A    |
+------+------+
|    1 |    1 |
|    2 |    1 |
|    3 |    1 |
|    1 |    2 |
|    2 |    2 |
|    3 |    2 |
|    1 |    3 |
|    2 |    3 |
|    3 |    3 |
+------+------+
+-------------------+
| *** query #5b *** |
+-------------------+
| *** query #5b *** |
+-------------------+
+------+
| A    |
+------+
|    1 |
|    2 |
|    3 |
+------+
+----------+
| count(*) |
+----------+
|        3 |
+----------+
+------+
| A    |
+------+
|    1 |
|    2 |
|    3 |
+------+
+-------------------+
| *** query #5c *** |
+-------------------+
| *** query #5c *** |
+-------------------+
+------+
| A    |
+------+
|    1 |
|    2 |
|    3 |
+------+
+----------+
| count(*) |
+----------+
|        3 |
+----------+
+------+
| A    |
+------+
|    1 |
|    2 |
|    3 |
+------+
+-------------------+
| *** query #5d *** |
+-------------------+
| *** query #5d *** |
+-------------------+
+------+
| A    |
+------+
|    1 |
|    2 |
|    3 |
+------+
+----------+
| count(*) |
+----------+
|        3 |
+----------+
+------+
| A    |
+------+
|    1 |
|    2 |
|    3 |
+------+
+-------------------+
| *** query #5e *** |
+-------------------+
| *** query #5e *** |
+-------------------+
+------+
| A    |
+------+
|    1 |
|    2 |
|    3 |
+------+
+----------+
| count(*) |
+----------+
|        3 |
+----------+
+------+
| A    |
+------+
|    1 |
|    2 |
|    3 |
+------+
